<?xml version="1.0" encoding="UTF-8"?>
<testng-results skipped="0" failed="0" total="3" passed="3">
  <reporter-output>
  </reporter-output>
  <suite name="Sample Test Suite" duration-ms="22" started-at="2016-07-18T16:48:23Z" finished-at="2016-07-18T16:48:23Z">
    <groups>
    </groups>
    <test name="Sample Test" duration-ms="22" started-at="2016-07-18T16:48:23Z" finished-at="2016-07-18T16:48:23Z">
      <class name="TestNgTest">
        <test-method status="PASS" signature="testCommand200()[pri:0, instance:TestNgTest@6fadae5d]" name="testCommand200" duration-ms="9" started-at="2016-07-18T12:48:23Z" finished-at="2016-07-18T12:48:23Z">
          <reporter-output>
          </reporter-output>
        </test-method> <!-- testCommand200 -->
        <test-method status="PASS" signature="testCommand404()[pri:0, instance:TestNgTest@6fadae5d]" name="testCommand404" duration-ms="0" started-at="2016-07-18T12:48:23Z" finished-at="2016-07-18T12:48:23Z">
          <reporter-output>
          </reporter-output>
        </test-method> <!-- testCommand404 -->
        <test-method status="PASS" signature="testCommand501()[pri:0, instance:TestNgTest@6fadae5d]" name="testCommand501" duration-ms="0" started-at="2016-07-18T12:48:23Z" finished-at="2016-07-18T12:48:23Z">
          <reporter-output>
          </reporter-output>
        </test-method> <!-- testCommand501 -->
      </class> <!-- TestNgTest -->
    </test> <!-- Sample Test -->
  </suite> <!-- Sample Test Suite -->
</testng-results>
