<?xml version="1.0" encoding="UTF-8"?>
<testng-results skipped="0" failed="0" total="1" passed="1">
  <reporter-output>
  </reporter-output>
  <suite name="Sample Test Suite" duration-ms="18" started-at="2016-07-17T15:59:21Z" finished-at="2016-07-17T15:59:21Z">
    <groups>
    </groups>
    <test name="Sample Test" duration-ms="18" started-at="2016-07-17T15:59:21Z" finished-at="2016-07-17T15:59:21Z">
      <class name="TestNgTest">
        <test-method status="PASS" signature="testCommands()[pri:0, instance:TestNgTest@3ecf72fd]" name="testCommands" duration-ms="7" started-at="2016-07-17T11:59:21Z" finished-at="2016-07-17T11:59:21Z">
          <reporter-output>
          </reporter-output>
        </test-method> <!-- testCommands -->
      </class> <!-- TestNgTest -->
    </test> <!-- Sample Test -->
  </suite> <!-- Sample Test Suite -->
</testng-results>
