<?xml version="1.0" encoding="UTF-8"?>
<testng-results skipped="0" failed="0" total="1" passed="1">
  <reporter-output>
  </reporter-output>
  <suite name="Default suite" duration-ms="78" started-at="2016-07-17T15:11:56Z" finished-at="2016-07-17T15:11:57Z">
    <groups>
    </groups>
    <test name="Default test" duration-ms="78" started-at="2016-07-17T15:11:56Z" finished-at="2016-07-17T15:11:57Z">
      <class name="TestNgTest">
        <test-method status="PASS" signature="testCommands()[pri:0, instance:TestNgTest@51081592]" name="testCommands" duration-ms="47" started-at="2016-07-17T11:11:56Z" finished-at="2016-07-17T11:11:56Z">
          <reporter-output>
          </reporter-output>
        </test-method> <!-- testCommands -->
      </class> <!-- TestNgTest -->
    </test> <!-- Default test -->
  </suite> <!-- Default suite -->
</testng-results>
